[2023-09-23 20:07:49] local.ERROR: SQLSTATE[HY000] [1045] Access denied for user 'ltvadim_shop'@'localhost' (using password: YES) (SQL: SELECT * FROM products ORDER BY RAND() LIMIT 12) {"exception":"[object] (Illuminate\\Database\\QueryException(code: 1045): SQLSTATE[HY000] [1045] Access denied for user 'ltvadim_shop'@'localhost' (using password: YES) (SQL: SELECT * FROM products ORDER BY RAND() LIMIT 12) at C:\\УЧЕБА\\_ПРОГРАММИРОВАНИЕ\\_Projects\\4_shop\\www\\vendor\\laravel\\framework\\src\\Illuminate\\Database\\Connection.php:760)
[stacktrace]
#0 C:\\УЧЕБА\\_ПРОГРАММИРОВАНИЕ\\_Projects\\4_shop\\www\\vendor\\laravel\\framework\\src\\Illuminate\\Database\\Connection.php(720): Illuminate\\Database\\Connection->runQueryCallback('SELECT * FROM p...', Array, Object(Closure))
#1 C:\\УЧЕБА\\_ПРОГРАММИРОВАНИЕ\\_Projects\\4_shop\\www\\vendor\\laravel\\framework\\src\\Illuminate\\Database\\Connection.php(405): Illuminate\\Database\\Connection->run('SELECT * FROM p...', Array, Object(Closure))
#2 C:\\УЧЕБА\\_ПРОГРАММИРОВАНИЕ\\_Projects\\4_shop\\www\\vendor\\laravel\\framework\\src\\Illuminate\\Database\\DatabaseManager.php(469): Illuminate\\Database\\Connection->select('SELECT * FROM p...')
#3 C:\\УЧЕБА\\_ПРОГРАММИРОВАНИЕ\\_Projects\\4_shop\\www\\vendor\\laravel\\framework\\src\\Illuminate\\Support\\Facades\\Facade.php(338): Illuminate\\Database\\DatabaseManager->__call('select', Array)
#4 C:\\УЧЕБА\\_ПРОГРАММИРОВАНИЕ\\_Projects\\4_shop\\www\\app\\Http\\Controllers\\StaticController.php(15): Illuminate\\Support\\Facades\\Facade::__callStatic('select', Array)
#5 C:\\УЧЕБА\\_ПРОГРАММИРОВАНИЕ\\_Projects\\4_shop\\www\\vendor\\laravel\\framework\\src\\Illuminate\\Routing\\Controller.php(54): App\\Http\\Controllers\\StaticController->index()
#6 C:\\УЧЕБА\\_ПРОГРАММИРОВАНИЕ\\_Projects\\4_shop\\www\\vendor\\laravel\\framework\\src\\Illuminate\\Routing\\ControllerDispatcher.php(43): Illuminate\\Routing\\Controller->callAction('index', Array)
#7 C:\\УЧЕБА\\_ПРОГРАММИРОВАНИЕ\\_Projects\\4_shop\\www\\vendor\\laravel\\framework\\src\\Illuminate\\Routing\\Route.php(259): Illuminate\\Routing\\ControllerDispatcher->dispatch(Object(Illuminate\\Routing\\Route), Object(App\\Http\\Controllers\\StaticController), 'index')
#8 C:\\УЧЕБА\\_ПРОГРАММИРОВАНИЕ\\_Projects\\4_shop\\www\\vendor\\laravel\\framework\\src\\Illuminate\\Routing\\Route.php(205): Illuminate\\Routing\\Route->runController()
#9 C:\\УЧЕБА\\_ПРОГРАММИРОВАНИЕ\\_Projects\\4_shop\\www\\vendor\\laravel\\framework\\src\\Illuminate\\Routing\\Router.php(798): Illuminate\\Routing\\Route->run()
#10 C:\\УЧЕБА\\_ПРОГРАММИРОВАНИЕ\\_Projects\\4_shop\\www\\vendor\\laravel\\framework\\src\\Illuminate\\Pipeline\\Pipeline.php(141): Illuminate\\Routing\\Router->Illuminate\\Routing\\{closure}(Object(Illuminate\\Http\\Request))
#11 C:\\УЧЕБА\\_ПРОГРАММИРОВАНИЕ\\_Projects\\4_shop\\www\\vendor\\laravel\\framework\\src\\Illuminate\\Routing\\Middleware\\SubstituteBindings.php(50): Illuminate\\Pipeline\\Pipeline->Illuminate\\Pipeline\\{closure}(Object(Illuminate\\Http\\Request))
#12 C:\\УЧЕБА\\_ПРОГРАММИРОВАНИЕ\\_Projects\\4_shop\\www\\vendor\\laravel\\framework\\src\\Illuminate\\Pipeline\\Pipeline.php(180): Illuminate\\Routing\\Middleware\\SubstituteBindings->handle(Object(Illuminate\\Http\\Request), Object(Closure))
#13 C:\\УЧЕБА\\_ПРОГРАММИРОВАНИЕ\\_Projects\\4_shop\\www\\vendor\\laravel\\framework\\src\\Illuminate\\Foundation\\Http\\Middleware\\VerifyCsrfToken.php(78): Illuminate\\Pipeline\\Pipeline->Illuminate\\Pipeline\\{closure}(Object(Illuminate\\Http\\Request))
#14 C:\\УЧЕБА\\_ПРОГРАММИРОВАНИЕ\\_Projects\\4_shop\\www\\vendor\\laravel\\framework\\src\\Illuminate\\Pipeline\\Pipeline.php(180): Illuminate\\Foundation\\Http\\Middleware\\VerifyCsrfToken->handle(Object(Illuminate\\Http\\Request), Object(Closure))
#15 C:\\УЧЕБА\\_ПРОГРАММИРОВАНИЕ\\_Projects\\4_shop\\www\\vendor\\laravel\\framework\\src\\Illuminate\\View\\Middleware\\ShareErrorsFromSession.php(49): Illuminate\\Pipeline\\Pipeline->Illuminate\\Pipeline\\{closure}(Object(Illuminate\\Http\\Request))
#16 C:\\УЧЕБА\\_ПРОГРАММИРОВАНИЕ\\_Projects\\4_shop\\www\\vendor\\laravel\\framework\\src\\Illuminate\\Pipeline\\Pipeline.php(180): Illuminate\\View\\Middleware\\ShareErrorsFromSession->handle(Object(Illuminate\\Http\\Request), Object(Closure))
#17 C:\\УЧЕБА\\_ПРОГРАММИРОВАНИЕ\\_Projects\\4_shop\\www\\vendor\\laravel\\framework\\src\\Illuminate\\Session\\Middleware\\StartSession.php(121): Illuminate\\Pipeline\\Pipeline->Illuminate\\Pipeline\\{closure}(Object(Illuminate\\Http\\Request))
#18 C:\\УЧЕБА\\_ПРОГРАММИРОВАНИЕ\\_Projects\\4_shop\\www\\vendor\\laravel\\framework\\src\\Illuminate\\Session\\Middleware\\StartSession.php(64): Illuminate\\Session\\Middleware\\StartSession->handleStatefulRequest(Object(Illuminate\\Http\\Request), Object(Illuminate\\Session\\Store), Object(Closure))
#19 C:\\УЧЕБА\\_ПРОГРАММИРОВАНИЕ\\_Projects\\4_shop\\www\\vendor\\laravel\\framework\\src\\Illuminate\\Pipeline\\Pipeline.php(180): Illuminate\\Session\\Middleware\\StartSession->handle(Object(Illuminate\\Http\\Request), Object(Closure))
#20 C:\\УЧЕБА\\_ПРОГРАММИРОВАНИЕ\\_Projects\\4_shop\\www\\vendor\\laravel\\framework\\src\\Illuminate\\Cookie\\Middleware\\AddQueuedCookiesToResponse.php(37): Illuminate\\Pipeline\\Pipeline->Illuminate\\Pipeline\\{closure}(Object(Illuminate\\Http\\Request))
#21 C:\\УЧЕБА\\_ПРОГРАММИРОВАНИЕ\\_Projects\\4_shop\\www\\vendor\\laravel\\framework\\src\\Illuminate\\Pipeline\\Pipeline.php(180): Illuminate\\Cookie\\Middleware\\AddQueuedCookiesToResponse->handle(Object(Illuminate\\Http\\Request), Object(Closure))
#22 C:\\УЧЕБА\\_ПРОГРАММИРОВАНИЕ\\_Projects\\4_shop\\www\\vendor\\laravel\\framework\\src\\Illuminate\\Cookie\\Middleware\\EncryptCookies.php(67): Illuminate\\Pipeline\\Pipeline->Illuminate\\Pipeline\\{closure}(Object(Illuminate\\Http\\Request))
#23 C:\\УЧЕБА\\_ПРОГРАММИРОВАНИЕ\\_Projects\\4_shop\\www\\vendor\\laravel\\framework\\src\\Illuminate\\Pipeline\\Pipeline.php(180): Illuminate\\Cookie\\Middleware\\EncryptCookies->handle(Object(Illuminate\\Http\\Request), Object(Closure))
#24 C:\\УЧЕБА\\_ПРОГРАММИРОВАНИЕ\\_Projects\\4_shop\\www\\vendor\\laravel\\framework\\src\\Illuminate\\Pipeline\\Pipeline.php(116): Illuminate\\Pipeline\\Pipeline->Illuminate\\Pipeline\\{closure}(Object(Illuminate\\Http\\Request))
#25 C:\\УЧЕБА\\_ПРОГРАММИРОВАНИЕ\\_Projects\\4_shop\\www\\vendor\\laravel\\framework\\src\\Illuminate\\Routing\\Router.php(797): Illuminate\\Pipeline\\Pipeline->then(Object(Closure))
#26 C:\\УЧЕБА\\_ПРОГРАММИРОВАНИЕ\\_Projects\\4_shop\\www\\vendor\\laravel\\framework\\src\\Illuminate\\Routing\\Router.php(776): Illuminate\\Routing\\Router->runRouteWithinStack(Object(Illuminate\\Routing\\Route), Object(Illuminate\\Http\\Request))
#27 C:\\УЧЕБА\\_ПРОГРАММИРОВАНИЕ\\_Projects\\4_shop\\www\\vendor\\laravel\\framework\\src\\Illuminate\\Routing\\Router.php(740): Illuminate\\Routing\\Router->runRoute(Object(Illuminate\\Http\\Request), Object(Illuminate\\Routing\\Route))
#28 C:\\УЧЕБА\\_ПРОГРАММИРОВАНИЕ\\_Projects\\4_shop\\www\\vendor\\laravel\\framework\\src\\Illuminate\\Routing\\Router.php(729): Illuminate\\Routing\\Router->dispatchToRoute(Object(Illuminate\\Http\\Request))
#29 C:\\УЧЕБА\\_ПРОГРАММИРОВАНИЕ\\_Projects\\4_shop\\www\\vendor\\laravel\\framework\\src\\Illuminate\\Foundation\\Http\\Kernel.php(190): Illuminate\\Routing\\Router->dispatch(Object(Illuminate\\Http\\Request))
#30 C:\\УЧЕБА\\_ПРОГРАММИРОВАНИЕ\\_Projects\\4_shop\\www\\vendor\\laravel\\framework\\src\\Illuminate\\Pipeline\\Pipeline.php(141): Illuminate\\Foundation\\Http\\Kernel->Illuminate\\Foundation\\Http\\{closure}(Object(Illuminate\\Http\\Request))
#31 C:\\УЧЕБА\\_ПРОГРАММИРОВАНИЕ\\_Projects\\4_shop\\www\\vendor\\laravel\\framework\\src\\Illuminate\\Foundation\\Http\\Middleware\\TransformsRequest.php(21): Illuminate\\Pipeline\\Pipeline->Illuminate\\Pipeline\\{closure}(Object(Illuminate\\Http\\Request))
#32 C:\\УЧЕБА\\_ПРОГРАММИРОВАНИЕ\\_Projects\\4_shop\\www\\vendor\\laravel\\framework\\src\\Illuminate\\Foundation\\Http\\Middleware\\ConvertEmptyStringsToNull.php(31): Illuminate\\Foundation\\Http\\Middleware\\TransformsRequest->handle(Object(Illuminate\\Http\\Request), Object(Closure))
#33 C:\\УЧЕБА\\_ПРОГРАММИРОВАНИЕ\\_Projects\\4_shop\\www\\vendor\\laravel\\framework\\src\\Illuminate\\Pipeline\\Pipeline.php(180): Illuminate\\Foundation\\Http\\Middleware\\ConvertEmptyStringsToNull->handle(Object(Illuminate\\Http\\Request), Object(Closure))
#34 C:\\УЧЕБА\\_ПРОГРАММИРОВАНИЕ\\_Projects\\4_shop\\www\\vendor\\laravel\\framework\\src\\Illuminate\\Foundation\\Http\\Middleware\\TransformsRequest.php(21): Illuminate\\Pipeline\\Pipeline->Illuminate\\Pipeline\\{closure}(Object(Illuminate\\Http\\Request))
#35 C:\\УЧЕБА\\_ПРОГРАММИРОВАНИЕ\\_Projects\\4_shop\\www\\vendor\\laravel\\framework\\src\\Illuminate\\Foundation\\Http\\Middleware\\TrimStrings.php(40): Illuminate\\Foundation\\Http\\Middleware\\TransformsRequest->handle(Object(Illuminate\\Http\\Request), Object(Closure))
#36 C:\\УЧЕБА\\_ПРОГРАММИРОВАНИЕ\\_Projects\\4_shop\\www\\vendor\\laravel\\framework\\src\\Illuminate\\Pipeline\\Pipeline.php(180): Illuminate\\Foundation\\Http\\Middleware\\TrimStrings->handle(Object(Illuminate\\Http\\Request), Object(Closure))
#37 C:\\УЧЕБА\\_ПРОГРАММИРОВАНИЕ\\_Projects\\4_shop\\www\\vendor\\laravel\\framework\\src\\Illuminate\\Foundation\\Http\\Middleware\\ValidatePostSize.php(27): Illuminate\\Pipeline\\Pipeline->Illuminate\\Pipeline\\{closure}(Object(Illuminate\\Http\\Request))
#38 C:\\УЧЕБА\\_ПРОГРАММИРОВАНИЕ\\_Projects\\4_shop\\www\\vendor\\laravel\\framework\\src\\Illuminate\\Pipeline\\Pipeline.php(180): Illuminate\\Foundation\\Http\\Middleware\\ValidatePostSize->handle(Object(Illuminate\\Http\\Request), Object(Closure))
#39 C:\\УЧЕБА\\_ПРОГРАММИРОВАНИЕ\\_Projects\\4_shop\\www\\vendor\\laravel\\framework\\src\\Illuminate\\Foundation\\Http\\Middleware\\PreventRequestsDuringMaintenance.php(86): Illuminate\\Pipeline\\Pipeline->Illuminate\\Pipeline\\{closure}(Object(Illuminate\\Http\\Request))
#40 C:\\УЧЕБА\\_ПРОГРАММИРОВАНИЕ\\_Projects\\4_shop\\www\\vendor\\laravel\\framework\\src\\Illuminate\\Pipeline\\Pipeline.php(180): Illuminate\\Foundation\\Http\\Middleware\\PreventRequestsDuringMaintenance->handle(Object(Illuminate\\Http\\Request), Object(Closure))
#41 C:\\УЧЕБА\\_ПРОГРАММИРОВАНИЕ\\_Projects\\4_shop\\www\\vendor\\fruitcake\\laravel-cors\\src\\HandleCors.php(38): Illuminate\\Pipeline\\Pipeline->Illuminate\\Pipeline\\{closure}(Object(Illuminate\\Http\\Request))
#42 C:\\УЧЕБА\\_ПРОГРАММИРОВАНИЕ\\_Projects\\4_shop\\www\\vendor\\laravel\\framework\\src\\Illuminate\\Pipeline\\Pipeline.php(180): Fruitcake\\Cors\\HandleCors->handle(Object(Illuminate\\Http\\Request), Object(Closure))
#43 C:\\УЧЕБА\\_ПРОГРАММИРОВАНИЕ\\_Projects\\4_shop\\www\\vendor\\laravel\\framework\\src\\Illuminate\\Http\\Middleware\\TrustProxies.php(39): Illuminate\\Pipeline\\Pipeline->Illuminate\\Pipeline\\{closure}(Object(Illuminate\\Http\\Request))
#44 C:\\УЧЕБА\\_ПРОГРАММИРОВАНИЕ\\_Projects\\4_shop\\www\\vendor\\laravel\\framework\\src\\Illuminate\\Pipeline\\Pipeline.php(180): Illuminate\\Http\\Middleware\\TrustProxies->handle(Object(Illuminate\\Http\\Request), Object(Closure))
#45 C:\\УЧЕБА\\_ПРОГРАММИРОВАНИЕ\\_Projects\\4_shop\\www\\vendor\\laravel\\framework\\src\\Illuminate\\Pipeline\\Pipeline.php(116): Illuminate\\Pipeline\\Pipeline->Illuminate\\Pipeline\\{closure}(Object(Illuminate\\Http\\Request))
#46 C:\\УЧЕБА\\_ПРОГРАММИРОВАНИЕ\\_Projects\\4_shop\\www\\vendor\\laravel\\framework\\src\\Illuminate\\Foundation\\Http\\Kernel.php(165): Illuminate\\Pipeline\\Pipeline->then(Object(Closure))
#47 C:\\УЧЕБА\\_ПРОГРАММИРОВАНИЕ\\_Projects\\4_shop\\www\\vendor\\laravel\\framework\\src\\Illuminate\\Foundation\\Http\\Kernel.php(134): Illuminate\\Foundation\\Http\\Kernel->sendRequestThroughRouter(Object(Illuminate\\Http\\Request))
#48 C:\\УЧЕБА\\_ПРОГРАММИРОВАНИЕ\\_Projects\\4_shop\\www\\public\\index.php(51): Illuminate\\Foundation\\Http\\Kernel->handle(Object(Illuminate\\Http\\Request))
#49 C:\\УЧЕБА\\_ПРОГРАММИРОВАНИЕ\\_Projects\\4_shop\\www\\vendor\\laravel\\framework\\src\\Illuminate\\Foundation\\resources\\server.php(16): require_once('C:\\\\\\xD0\\xA3\\xD0\\xA7\\xD0\\x95\\xD0\\x91\\xD0\\x90\\\\_...')
#50 {main}

[previous exception] [object] (PDOException(code: 1045): SQLSTATE[HY000] [1045] Access denied for user 'ltvadim_shop'@'localhost' (using password: YES) at C:\\УЧЕБА\\_ПРОГРАММИРОВАНИЕ\\_Projects\\4_shop\\www\\vendor\\laravel\\framework\\src\\Illuminate\\Database\\Connectors\\Connector.php:70)
[stacktrace]
#0 C:\\УЧЕБА\\_ПРОГРАММИРОВАНИЕ\\_Projects\\4_shop\\www\\vendor\\laravel\\framework\\src\\Illuminate\\Database\\Connectors\\Connector.php(70): PDO->__construct('mysql:host=loca...', 'ltvadim_shop', Object(SensitiveParameterValue), Array)
#1 C:\\УЧЕБА\\_ПРОГРАММИРОВАНИЕ\\_Projects\\4_shop\\www\\vendor\\laravel\\framework\\src\\Illuminate\\Database\\Connectors\\Connector.php(45): Illuminate\\Database\\Connectors\\Connector->createPdoConnection('mysql:host=loca...', 'ltvadim_shop', '_TUyWFX95T4MA9Z...', Array)
#2 C:\\УЧЕБА\\_ПРОГРАММИРОВАНИЕ\\_Projects\\4_shop\\www\\vendor\\laravel\\framework\\src\\Illuminate\\Database\\Connectors\\MySqlConnector.php(24): Illuminate\\Database\\Connectors\\Connector->createConnection('mysql:host=loca...', Array, Array)
#3 C:\\УЧЕБА\\_ПРОГРАММИРОВАНИЕ\\_Projects\\4_shop\\www\\vendor\\laravel\\framework\\src\\Illuminate\\Database\\Connectors\\ConnectionFactory.php(184): Illuminate\\Database\\Connectors\\MySqlConnector->connect(Array)
#4 [internal function]: Illuminate\\Database\\Connectors\\ConnectionFactory->Illuminate\\Database\\Connectors\\{closure}()
#5 C:\\УЧЕБА\\_ПРОГРАММИРОВАНИЕ\\_Projects\\4_shop\\www\\vendor\\laravel\\framework\\src\\Illuminate\\Database\\Connection.php(1181): call_user_func(Object(Closure))
#6 C:\\УЧЕБА\\_ПРОГРАММИРОВАНИЕ\\_Projects\\4_shop\\www\\vendor\\laravel\\framework\\src\\Illuminate\\Database\\Connection.php(1217): Illuminate\\Database\\Connection->getPdo()
#7 C:\\УЧЕБА\\_ПРОГРАММИРОВАНИЕ\\_Projects\\4_shop\\www\\vendor\\laravel\\framework\\src\\Illuminate\\Database\\Connection.php(486): Illuminate\\Database\\Connection->getReadPdo()
#8 C:\\УЧЕБА\\_ПРОГРАММИРОВАНИЕ\\_Projects\\4_shop\\www\\vendor\\laravel\\framework\\src\\Illuminate\\Database\\Connection.php(414): Illuminate\\Database\\Connection->getPdoForSelect(true)
#9 C:\\УЧЕБА\\_ПРОГРАММИРОВАНИЕ\\_Projects\\4_shop\\www\\vendor\\laravel\\framework\\src\\Illuminate\\Database\\Connection.php(753): Illuminate\\Database\\Connection->Illuminate\\Database\\{closure}('SELECT * FROM p...', Array)
#10 C:\\УЧЕБА\\_ПРОГРАММИРОВАНИЕ\\_Projects\\4_shop\\www\\vendor\\laravel\\framework\\src\\Illuminate\\Database\\Connection.php(720): Illuminate\\Database\\Connection->runQueryCallback('SELECT * FROM p...', Array, Object(Closure))
#11 C:\\УЧЕБА\\_ПРОГРАММИРОВАНИЕ\\_Projects\\4_shop\\www\\vendor\\laravel\\framework\\src\\Illuminate\\Database\\Connection.php(405): Illuminate\\Database\\Connection->run('SELECT * FROM p...', Array, Object(Closure))
#12 C:\\УЧЕБА\\_ПРОГРАММИРОВАНИЕ\\_Projects\\4_shop\\www\\vendor\\laravel\\framework\\src\\Illuminate\\Database\\DatabaseManager.php(469): Illuminate\\Database\\Connection->select('SELECT * FROM p...')
#13 C:\\УЧЕБА\\_ПРОГРАММИРОВАНИЕ\\_Projects\\4_shop\\www\\vendor\\laravel\\framework\\src\\Illuminate\\Support\\Facades\\Facade.php(338): Illuminate\\Database\\DatabaseManager->__call('select', Array)
#14 C:\\УЧЕБА\\_ПРОГРАММИРОВАНИЕ\\_Projects\\4_shop\\www\\app\\Http\\Controllers\\StaticController.php(15): Illuminate\\Support\\Facades\\Facade::__callStatic('select', Array)
#15 C:\\УЧЕБА\\_ПРОГРАММИРОВАНИЕ\\_Projects\\4_shop\\www\\vendor\\laravel\\framework\\src\\Illuminate\\Routing\\Controller.php(54): App\\Http\\Controllers\\StaticController->index()
#16 C:\\УЧЕБА\\_ПРОГРАММИРОВАНИЕ\\_Projects\\4_shop\\www\\vendor\\laravel\\framework\\src\\Illuminate\\Routing\\ControllerDispatcher.php(43): Illuminate\\Routing\\Controller->callAction('index', Array)
#17 C:\\УЧЕБА\\_ПРОГРАММИРОВАНИЕ\\_Projects\\4_shop\\www\\vendor\\laravel\\framework\\src\\Illuminate\\Routing\\Route.php(259): Illuminate\\Routing\\ControllerDispatcher->dispatch(Object(Illuminate\\Routing\\Route), Object(App\\Http\\Controllers\\StaticController), 'index')
#18 C:\\УЧЕБА\\_ПРОГРАММИРОВАНИЕ\\_Projects\\4_shop\\www\\vendor\\laravel\\framework\\src\\Illuminate\\Routing\\Route.php(205): Illuminate\\Routing\\Route->runController()
#19 C:\\УЧЕБА\\_ПРОГРАММИРОВАНИЕ\\_Projects\\4_shop\\www\\vendor\\laravel\\framework\\src\\Illuminate\\Routing\\Router.php(798): Illuminate\\Routing\\Route->run()
#20 C:\\УЧЕБА\\_ПРОГРАММИРОВАНИЕ\\_Projects\\4_shop\\www\\vendor\\laravel\\framework\\src\\Illuminate\\Pipeline\\Pipeline.php(141): Illuminate\\Routing\\Router->Illuminate\\Routing\\{closure}(Object(Illuminate\\Http\\Request))
#21 C:\\УЧЕБА\\_ПРОГРАММИРОВАНИЕ\\_Projects\\4_shop\\www\\vendor\\laravel\\framework\\src\\Illuminate\\Routing\\Middleware\\SubstituteBindings.php(50): Illuminate\\Pipeline\\Pipeline->Illuminate\\Pipeline\\{closure}(Object(Illuminate\\Http\\Request))
#22 C:\\УЧЕБА\\_ПРОГРАММИРОВАНИЕ\\_Projects\\4_shop\\www\\vendor\\laravel\\framework\\src\\Illuminate\\Pipeline\\Pipeline.php(180): Illuminate\\Routing\\Middleware\\SubstituteBindings->handle(Object(Illuminate\\Http\\Request), Object(Closure))
#23 C:\\УЧЕБА\\_ПРОГРАММИРОВАНИЕ\\_Projects\\4_shop\\www\\vendor\\laravel\\framework\\src\\Illuminate\\Foundation\\Http\\Middleware\\VerifyCsrfToken.php(78): Illuminate\\Pipeline\\Pipeline->Illuminate\\Pipeline\\{closure}(Object(Illuminate\\Http\\Request))
#24 C:\\УЧЕБА\\_ПРОГРАММИРОВАНИЕ\\_Projects\\4_shop\\www\\vendor\\laravel\\framework\\src\\Illuminate\\Pipeline\\Pipeline.php(180): Illuminate\\Foundation\\Http\\Middleware\\VerifyCsrfToken->handle(Object(Illuminate\\Http\\Request), Object(Closure))
#25 C:\\УЧЕБА\\_ПРОГРАММИРОВАНИЕ\\_Projects\\4_shop\\www\\vendor\\laravel\\framework\\src\\Illuminate\\View\\Middleware\\ShareErrorsFromSession.php(49): Illuminate\\Pipeline\\Pipeline->Illuminate\\Pipeline\\{closure}(Object(Illuminate\\Http\\Request))
#26 C:\\УЧЕБА\\_ПРОГРАММИРОВАНИЕ\\_Projects\\4_shop\\www\\vendor\\laravel\\framework\\src\\Illuminate\\Pipeline\\Pipeline.php(180): Illuminate\\View\\Middleware\\ShareErrorsFromSession->handle(Object(Illuminate\\Http\\Request), Object(Closure))
#27 C:\\УЧЕБА\\_ПРОГРАММИРОВАНИЕ\\_Projects\\4_shop\\www\\vendor\\laravel\\framework\\src\\Illuminate\\Session\\Middleware\\StartSession.php(121): Illuminate\\Pipeline\\Pipeline->Illuminate\\Pipeline\\{closure}(Object(Illuminate\\Http\\Request))
#28 C:\\УЧЕБА\\_ПРОГРАММИРОВАНИЕ\\_Projects\\4_shop\\www\\vendor\\laravel\\framework\\src\\Illuminate\\Session\\Middleware\\StartSession.php(64): Illuminate\\Session\\Middleware\\StartSession->handleStatefulRequest(Object(Illuminate\\Http\\Request), Object(Illuminate\\Session\\Store), Object(Closure))
#29 C:\\УЧЕБА\\_ПРОГРАММИРОВАНИЕ\\_Projects\\4_shop\\www\\vendor\\laravel\\framework\\src\\Illuminate\\Pipeline\\Pipeline.php(180): Illuminate\\Session\\Middleware\\StartSession->handle(Object(Illuminate\\Http\\Request), Object(Closure))
#30 C:\\УЧЕБА\\_ПРОГРАММИРОВАНИЕ\\_Projects\\4_shop\\www\\vendor\\laravel\\framework\\src\\Illuminate\\Cookie\\Middleware\\AddQueuedCookiesToResponse.php(37): Illuminate\\Pipeline\\Pipeline->Illuminate\\Pipeline\\{closure}(Object(Illuminate\\Http\\Request))
#31 C:\\УЧЕБА\\_ПРОГРАММИРОВАНИЕ\\_Projects\\4_shop\\www\\vendor\\laravel\\framework\\src\\Illuminate\\Pipeline\\Pipeline.php(180): Illuminate\\Cookie\\Middleware\\AddQueuedCookiesToResponse->handle(Object(Illuminate\\Http\\Request), Object(Closure))
#32 C:\\УЧЕБА\\_ПРОГРАММИРОВАНИЕ\\_Projects\\4_shop\\www\\vendor\\laravel\\framework\\src\\Illuminate\\Cookie\\Middleware\\EncryptCookies.php(67): Illuminate\\Pipeline\\Pipeline->Illuminate\\Pipeline\\{closure}(Object(Illuminate\\Http\\Request))
#33 C:\\УЧЕБА\\_ПРОГРАММИРОВАНИЕ\\_Projects\\4_shop\\www\\vendor\\laravel\\framework\\src\\Illuminate\\Pipeline\\Pipeline.php(180): Illuminate\\Cookie\\Middleware\\EncryptCookies->handle(Object(Illuminate\\Http\\Request), Object(Closure))
#34 C:\\УЧЕБА\\_ПРОГРАММИРОВАНИЕ\\_Projects\\4_shop\\www\\vendor\\laravel\\framework\\src\\Illuminate\\Pipeline\\Pipeline.php(116): Illuminate\\Pipeline\\Pipeline->Illuminate\\Pipeline\\{closure}(Object(Illuminate\\Http\\Request))
#35 C:\\УЧЕБА\\_ПРОГРАММИРОВАНИЕ\\_Projects\\4_shop\\www\\vendor\\laravel\\framework\\src\\Illuminate\\Routing\\Router.php(797): Illuminate\\Pipeline\\Pipeline->then(Object(Closure))
#36 C:\\УЧЕБА\\_ПРОГРАММИРОВАНИЕ\\_Projects\\4_shop\\www\\vendor\\laravel\\framework\\src\\Illuminate\\Routing\\Router.php(776): Illuminate\\Routing\\Router->runRouteWithinStack(Object(Illuminate\\Routing\\Route), Object(Illuminate\\Http\\Request))
#37 C:\\УЧЕБА\\_ПРОГРАММИРОВАНИЕ\\_Projects\\4_shop\\www\\vendor\\laravel\\framework\\src\\Illuminate\\Routing\\Router.php(740): Illuminate\\Routing\\Router->runRoute(Object(Illuminate\\Http\\Request), Object(Illuminate\\Routing\\Route))
#38 C:\\УЧЕБА\\_ПРОГРАММИРОВАНИЕ\\_Projects\\4_shop\\www\\vendor\\laravel\\framework\\src\\Illuminate\\Routing\\Router.php(729): Illuminate\\Routing\\Router->dispatchToRoute(Object(Illuminate\\Http\\Request))
#39 C:\\УЧЕБА\\_ПРОГРАММИРОВАНИЕ\\_Projects\\4_shop\\www\\vendor\\laravel\\framework\\src\\Illuminate\\Foundation\\Http\\Kernel.php(190): Illuminate\\Routing\\Router->dispatch(Object(Illuminate\\Http\\Request))
#40 C:\\УЧЕБА\\_ПРОГРАММИРОВАНИЕ\\_Projects\\4_shop\\www\\vendor\\laravel\\framework\\src\\Illuminate\\Pipeline\\Pipeline.php(141): Illuminate\\Foundation\\Http\\Kernel->Illuminate\\Foundation\\Http\\{closure}(Object(Illuminate\\Http\\Request))
#41 C:\\УЧЕБА\\_ПРОГРАММИРОВАНИЕ\\_Projects\\4_shop\\www\\vendor\\laravel\\framework\\src\\Illuminate\\Foundation\\Http\\Middleware\\TransformsRequest.php(21): Illuminate\\Pipeline\\Pipeline->Illuminate\\Pipeline\\{closure}(Object(Illuminate\\Http\\Request))
#42 C:\\УЧЕБА\\_ПРОГРАММИРОВАНИЕ\\_Projects\\4_shop\\www\\vendor\\laravel\\framework\\src\\Illuminate\\Foundation\\Http\\Middleware\\ConvertEmptyStringsToNull.php(31): Illuminate\\Foundation\\Http\\Middleware\\TransformsRequest->handle(Object(Illuminate\\Http\\Request), Object(Closure))
#43 C:\\УЧЕБА\\_ПРОГРАММИРОВАНИЕ\\_Projects\\4_shop\\www\\vendor\\laravel\\framework\\src\\Illuminate\\Pipeline\\Pipeline.php(180): Illuminate\\Foundation\\Http\\Middleware\\ConvertEmptyStringsToNull->handle(Object(Illuminate\\Http\\Request), Object(Closure))
#44 C:\\УЧЕБА\\_ПРОГРАММИРОВАНИЕ\\_Projects\\4_shop\\www\\vendor\\laravel\\framework\\src\\Illuminate\\Foundation\\Http\\Middleware\\TransformsRequest.php(21): Illuminate\\Pipeline\\Pipeline->Illuminate\\Pipeline\\{closure}(Object(Illuminate\\Http\\Request))
#45 C:\\УЧЕБА\\_ПРОГРАММИРОВАНИЕ\\_Projects\\4_shop\\www\\vendor\\laravel\\framework\\src\\Illuminate\\Foundation\\Http\\Middleware\\TrimStrings.php(40): Illuminate\\Foundation\\Http\\Middleware\\TransformsRequest->handle(Object(Illuminate\\Http\\Request), Object(Closure))
#46 C:\\УЧЕБА\\_ПРОГРАММИРОВАНИЕ\\_Projects\\4_shop\\www\\vendor\\laravel\\framework\\src\\Illuminate\\Pipeline\\Pipeline.php(180): Illuminate\\Foundation\\Http\\Middleware\\TrimStrings->handle(Object(Illuminate\\Http\\Request), Object(Closure))
#47 C:\\УЧЕБА\\_ПРОГРАММИРОВАНИЕ\\_Projects\\4_shop\\www\\vendor\\laravel\\framework\\src\\Illuminate\\Foundation\\Http\\Middleware\\ValidatePostSize.php(27): Illuminate\\Pipeline\\Pipeline->Illuminate\\Pipeline\\{closure}(Object(Illuminate\\Http\\Request))
#48 C:\\УЧЕБА\\_ПРОГРАММИРОВАНИЕ\\_Projects\\4_shop\\www\\vendor\\laravel\\framework\\src\\Illuminate\\Pipeline\\Pipeline.php(180): Illuminate\\Foundation\\Http\\Middleware\\ValidatePostSize->handle(Object(Illuminate\\Http\\Request), Object(Closure))
#49 C:\\УЧЕБА\\_ПРОГРАММИРОВАНИЕ\\_Projects\\4_shop\\www\\vendor\\laravel\\framework\\src\\Illuminate\\Foundation\\Http\\Middleware\\PreventRequestsDuringMaintenance.php(86): Illuminate\\Pipeline\\Pipeline->Illuminate\\Pipeline\\{closure}(Object(Illuminate\\Http\\Request))
#50 C:\\УЧЕБА\\_ПРОГРАММИРОВАНИЕ\\_Projects\\4_shop\\www\\vendor\\laravel\\framework\\src\\Illuminate\\Pipeline\\Pipeline.php(180): Illuminate\\Foundation\\Http\\Middleware\\PreventRequestsDuringMaintenance->handle(Object(Illuminate\\Http\\Request), Object(Closure))
#51 C:\\УЧЕБА\\_ПРОГРАММИРОВАНИЕ\\_Projects\\4_shop\\www\\vendor\\fruitcake\\laravel-cors\\src\\HandleCors.php(38): Illuminate\\Pipeline\\Pipeline->Illuminate\\Pipeline\\{closure}(Object(Illuminate\\Http\\Request))
#52 C:\\УЧЕБА\\_ПРОГРАММИРОВАНИЕ\\_Projects\\4_shop\\www\\vendor\\laravel\\framework\\src\\Illuminate\\Pipeline\\Pipeline.php(180): Fruitcake\\Cors\\HandleCors->handle(Object(Illuminate\\Http\\Request), Object(Closure))
#53 C:\\УЧЕБА\\_ПРОГРАММИРОВАНИЕ\\_Projects\\4_shop\\www\\vendor\\laravel\\framework\\src\\Illuminate\\Http\\Middleware\\TrustProxies.php(39): Illuminate\\Pipeline\\Pipeline->Illuminate\\Pipeline\\{closure}(Object(Illuminate\\Http\\Request))
#54 C:\\УЧЕБА\\_ПРОГРАММИРОВАНИЕ\\_Projects\\4_shop\\www\\vendor\\laravel\\framework\\src\\Illuminate\\Pipeline\\Pipeline.php(180): Illuminate\\Http\\Middleware\\TrustProxies->handle(Object(Illuminate\\Http\\Request), Object(Closure))
#55 C:\\УЧЕБА\\_ПРОГРАММИРОВАНИЕ\\_Projects\\4_shop\\www\\vendor\\laravel\\framework\\src\\Illuminate\\Pipeline\\Pipeline.php(116): Illuminate\\Pipeline\\Pipeline->Illuminate\\Pipeline\\{closure}(Object(Illuminate\\Http\\Request))
#56 C:\\УЧЕБА\\_ПРОГРАММИРОВАНИЕ\\_Projects\\4_shop\\www\\vendor\\laravel\\framework\\src\\Illuminate\\Foundation\\Http\\Kernel.php(165): Illuminate\\Pipeline\\Pipeline->then(Object(Closure))
#57 C:\\УЧЕБА\\_ПРОГРАММИРОВАНИЕ\\_Projects\\4_shop\\www\\vendor\\laravel\\framework\\src\\Illuminate\\Foundation\\Http\\Kernel.php(134): Illuminate\\Foundation\\Http\\Kernel->sendRequestThroughRouter(Object(Illuminate\\Http\\Request))
#58 C:\\УЧЕБА\\_ПРОГРАММИРОВАНИЕ\\_Projects\\4_shop\\www\\public\\index.php(51): Illuminate\\Foundation\\Http\\Kernel->handle(Object(Illuminate\\Http\\Request))
#59 C:\\УЧЕБА\\_ПРОГРАММИРОВАНИЕ\\_Projects\\4_shop\\www\\vendor\\laravel\\framework\\src\\Illuminate\\Foundation\\resources\\server.php(16): require_once('C:\\\\\\xD0\\xA3\\xD0\\xA7\\xD0\\x95\\xD0\\x91\\xD0\\x90\\\\_...')
#60 {main}
"} 
